1671125737059	geckodriver	INFO	Listening on 127.0.0.1:53937
1671125961816	geckodriver	INFO	Listening on 127.0.0.1:54138
1671125965547	mozrunner::runner	INFO	Running command: "C:\\Program Files\\Mozilla Firefox\\firefox.exe" "--marionette" "--remote-debugging-port" "54139" "--remote-allow-hosts" "localhost" "-no-remote" "-profile" "C:\\Users\\DA1E~1\\AppData\\Local\\Temp\\rust_mozprofilecIqrSl"
1671125967377	Marionette	INFO	Marionette enabled
1671125967553	Marionette	INFO	Listening on port 54163
Read port: 54163
Read port: 54163
WebDriver BiDi listening on ws://127.0.0.1:54139
1671125971134	RemoteAgent	WARN	TLS certificate errors will be ignored for this session
console.warn: SearchSettings: "get: No settings file exists, new profile?" (new NotFoundError("Could not open the file at C:\\Users\\DA1E~1\\AppData\\Local\\Temp\\rust_mozprofilecIqrSl\\search.json.mozlz4", (void 0)))
1671126003944	Marionette	INFO	Stopped listening on port 54163
1671126003982	CDP	WARN	Failed to remove undefined (Could not parse path (undefined): NS_ERROR_FILE_UNRECOGNIZED_PATH)
console.warn: services.settings: main/query-stripping sync interrupted by shutdown
console.warn: SearchService: "#init: abandoning init due to shutting down"
JavaScript error: , line 0: uncaught exception: 2147500036
JavaScript error: , line 0: uncaught exception: 2147500036
JavaScript error: , line 0: uncaught exception: 2147500036
JavaScript error: , line 0: uncaught exception: 2147500036
JavaScript error: , line 0: uncaught exception: 2147500036
JavaScript error: , line 0: uncaught exception: 2147500036
1671126028678	geckodriver	INFO	Listening on 127.0.0.1:54233
1671126031977	mozrunner::runner	INFO	Running command: "C:\\Program Files\\Mozilla Firefox\\firefox.exe" "--marionette" "--remote-debugging-port" "54234" "--remote-allow-hosts" "localhost" "-no-remote" "-profile" "C:\\Users\\DA1E~1\\AppData\\Local\\Temp\\rust_mozprofileLWN5k4"
1671126036756	Marionette	INFO	Marionette enabled
1671126036812	Marionette	INFO	Listening on port 54259
Read port: 54259
WebDriver BiDi listening on ws://127.0.0.1:54234
1671126037326	RemoteAgent	WARN	TLS certificate errors will be ignored for this session
console.warn: SearchSettings: "get: No settings file exists, new profile?" (new NotFoundError("Could not open the file at C:\\Users\\DA1E~1\\AppData\\Local\\Temp\\rust_mozprofileLWN5k4\\search.json.mozlz4", (void 0)))
DevTools listening on ws://127.0.0.1:54234/devtools/browser/5329fa73-a72b-4445-9e48-b669489c0057
1671126566886	addons.xpi	ERROR	System addon update list error Error: Failed downloading XML, status: 0, reason: timeout
1671129149415	Marionette	INFO	Stopped listening on port 54259
console.warn: TopSitesFeed: Failed to fetch data from Contile server: NetworkError when attempting to fetch resource.
1671130674391	geckodriver	INFO	Listening on 127.0.0.1:57956
1671130677470	mozrunner::runner	INFO	Running command: "C:\\Program Files\\Mozilla Firefox\\firefox.exe" "--marionette" "--remote-debugging-port" "57957" "--remote-allow-hosts" "localhost" "-no-remote" "-profile" "C:\\Users\\DA1E~1\\AppData\\Local\\Temp\\rust_mozprofileF794N6"
1671130681534	Marionette	INFO	Marionette enabled
1671130681567	Marionette	INFO	Listening on port 57985
Read port: 57985
Read port: 57985
WebDriver BiDi listening on ws://127.0.0.1:57957
1671130683150	RemoteAgent	WARN	TLS certificate errors will be ignored for this session
console.warn: SearchSettings: "get: No settings file exists, new profile?" (new NotFoundError("Could not open the file at C:\\Users\\DA1E~1\\AppData\\Local\\Temp\\rust_mozprofileF794N6\\search.json.mozlz4", (void 0)))
DevTools listening on ws://127.0.0.1:57957/devtools/browser/fdad9730-98fe-4340-82e8-17ef1fa50cda
1671130820617	Marionette	INFO	Stopped listening on port 57985
console.warn: TopSitesFeed: Failed to fetch data from Contile server: NetworkError when attempting to fetch resource.
console.log: "RemoteSettingsWorker error: Error: Can't import when we've started shutting down."
1671130823296	geckodriver	INFO	Listening on 127.0.0.1:58099
1671130826341	mozrunner::runner	INFO	Running command: "C:\\Program Files\\Mozilla Firefox\\firefox.exe" "--marionette" "--remote-debugging-port" "58100" "--remote-allow-hosts" "localhost" "-no-remote" "-profile" "C:\\Users\\DA1E~1\\AppData\\Local\\Temp\\rust_mozprofilekCkD38"
1671130826975	Marionette	INFO	Marionette enabled
1671130826989	Marionette	INFO	Listening on port 58141
Read port: 58141
WebDriver BiDi listening on ws://127.0.0.1:58100
1671130827203	RemoteAgent	WARN	TLS certificate errors will be ignored for this session
console.warn: SearchSettings: "get: No settings file exists, new profile?" (new NotFoundError("Could not open the file at C:\\Users\\DA1E~1\\AppData\\Local\\Temp\\rust_mozprofilekCkD38\\search.json.mozlz4", (void 0)))
DevTools listening on ws://127.0.0.1:58100/devtools/browser/a09d04aa-dd2f-4b2c-bf60-de3f462a57e8
1671131029733	Marionette	INFO	Stopped listening on port 58141
console.warn: TopSitesFeed: Failed to fetch data from Contile server: NetworkError when attempting to fetch resource.
1671286761426	geckodriver	INFO	Listening on 127.0.0.1:61311
1671286764719	mozrunner::runner	INFO	Running command: "C:\\Program Files\\Mozilla Firefox\\firefox.exe" "--marionette" "--remote-debugging-port" "61312" "--remote-allow-hosts" "localhost" "-no-remote" "-profile" "C:\\Users\\DA1E~1\\AppData\\Local\\Temp\\rust_mozprofile4eBsQp"
1671286980185	geckodriver	INFO	Listening on 127.0.0.1:61546
1671286983313	mozrunner::runner	INFO	Running command: "C:\\Program Files\\Mozilla Firefox\\firefox.exe" "--marionette" "--remote-debugging-port" "61547" "--remote-allow-hosts" "localhost" "-no-remote" "-profile" "C:\\Users\\DA1E~1\\AppData\\Local\\Temp\\rust_mozprofilehB2CEp"
1671286985019	Marionette	INFO	Marionette enabled
1671286985030	Marionette	INFO	Listening on port 61562
Read port: 61562
WebDriver BiDi listening on ws://127.0.0.1:61547
1671286986014	RemoteAgent	WARN	TLS certificate errors will be ignored for this session
console.warn: SearchSettings: "get: No settings file exists, new profile?" (new NotFoundError("Could not open the file at C:\\Users\\DA1E~1\\AppData\\Local\\Temp\\rust_mozprofilehB2CEp\\search.json.mozlz4", (void 0)))
DevTools listening on ws://127.0.0.1:61547/devtools/browser/f7195e86-2f87-460a-8b08-f63ca672e938
1671287003003	Marionette	INFO	Stopped listening on port 61562
!!! error running onStopped callback: TypeError: callback is not a function
console.warn: TopSitesFeed: Failed to fetch data from Contile server: NetworkError when attempting to fetch resource.
JavaScript error: resource://gre/modules/UrlClassifierListManager.jsm, line 693: TypeError: this.tablesData[table] is undefined
WARNING: A blocker encountered an error while we were waiting.
          Blocker:  Waiting for ping task
          Phase: TelemetryController: Waiting for pending ping activity
          State: (none)
WARNING: Error: Phase "profile-before-change" is finished, it is too late to register completion condition "OS.File: flush I/O queued before profileBeforeChange"
WARNING: addBlocker@resource://gre/modules/AsyncShutdown.jsm:703:15
addBlocker@resource://gre/modules/AsyncShutdown.jsm:511:26
addBlocker@resource://gre/modules/AsyncShutdown.jsm:450:15
setupShutdown@resource://gre/modules/osfile/osfile_async_front.jsm:1563:28
@resource://gre/modules/osfile/osfile_async_front.jsm:1583:16
@resource://gre/modules/osfile.jsm:12:30
@resource://gre/modules/TelemetryStorage.jsm:19:28
promiseArchivePing@resource://gre/modules/TelemetryArchive.jsm:103:5
promiseArchivePing@resource://gre/modules/TelemetryArchive.jsm:63:33
_submitPingLogic@resource://gre/modules/TelemetryControllerParent.jsm:540:48
send@resource://gre/modules/TelemetryControllerParent.jsm:628:24
submitExternalPing@resource://gre/modules/TelemetryControllerParent.jsm:182:17
sendPing@resource://gre/modules/EventPing.jsm:51:30
_submitPing@resource://gre/modules/EventPing.jsm:229:12
shutdown@resource://gre/modules/EventPing.jsm:112:10
_cleanupOnShutdown@resource://gre/modules/TelemetryControllerParent.jsm:940:31
shutdown/<@resource://gre/modules/TelemetryControllerParent.jsm:1010:24
observe@resource://gre/modules/AsyncShutdown.jsm:560:16

WARNING: A blocker encountered an error while we were waiting.
          Blocker:  Waiting for ping task
          Phase: TelemetryController: Waiting for pending ping activity
          State: (none)
WARNING: Error: Phase "profile-before-change" is finished, it is too late to register completion condition "OS.File: flush I/O queued before profileBeforeChange"
WARNING: addBlocker@resource://gre/modules/AsyncShutdown.jsm:703:15
addBlocker@resource://gre/modules/AsyncShutdown.jsm:511:26
addBlocker@resource://gre/modules/AsyncShutdown.jsm:450:15
setupShutdown@resource://gre/modules/osfile/osfile_async_front.jsm:1563:28
@resource://gre/modules/osfile/osfile_async_front.jsm:1583:16
@resource://gre/modules/osfile.jsm:12:30
@resource://gre/modules/TelemetryStorage.jsm:19:28
promiseArchivePing@resource://gre/modules/TelemetryArchive.jsm:103:5
promiseArchivePing@resource://gre/modules/TelemetryArchive.jsm:63:33
_submitPingLogic@resource://gre/modules/TelemetryControllerParent.jsm:540:48
send@resource://gre/modules/TelemetryControllerParent.jsm:628:24
submitExternalPing@resource://gre/modules/TelemetryControllerParent.jsm:182:17
saveShutdownPings@resource://gre/modules/TelemetrySession.jsm:982:34
shutdownChromeProcess/cleanup/<@resource://gre/modules/TelemetrySession.jsm:1232:20
cleanup@resource://gre/modules/TelemetrySession.jsm:1239:9
shutdownChromeProcess@resource://gre/modules/TelemetrySession.jsm:1256:14
shutdown@resource://gre/modules/TelemetrySession.jsm:247:17
_cleanupOnShutdown@resource://gre/modules/TelemetryControllerParent.jsm:959:35
observe@resource://gre/modules/AsyncShutdown.jsm:560:16

WARNING: A blocker encountered an error while we were waiting.
          Blocker:  Waiting for ping task
          Phase: TelemetryController: Waiting for pending ping activity
          State: (none)
WARNING: Error: Phase "profile-before-change" is finished, it is too late to register completion condition "OS.File: flush I/O queued before profileBeforeChange"
WARNING: addBlocker@resource://gre/modules/AsyncShutdown.jsm:703:15
addBlocker@resource://gre/modules/AsyncShutdown.jsm:511:26
addBlocker@resource://gre/modules/AsyncShutdown.jsm:450:15
setupShutdown@resource://gre/modules/osfile/osfile_async_front.jsm:1563:28
@resource://gre/modules/osfile/osfile_async_front.jsm:1583:16
@resource://gre/modules/osfile.jsm:12:30
@resource://gre/modules/TelemetryStorage.jsm:19:28
promiseArchivePing@resource://gre/modules/TelemetryArchive.jsm:103:5
promiseArchivePing@resource://gre/modules/TelemetryArchive.jsm:63:33
_submitPingLogic@resource://gre/modules/TelemetryControllerParent.jsm:540:48
send@resource://gre/modules/TelemetryControllerParent.jsm:628:24
submitExternalPing@resource://gre/modules/TelemetryControllerParent.jsm:182:17
saveShutdownPings@resource://gre/modules/TelemetrySession.jsm:1014:36
shutdownChromeProcess/cleanup/<@resource://gre/modules/TelemetrySession.jsm:1232:20
cleanup@resource://gre/modules/TelemetrySession.jsm:1239:9
shutdownChromeProcess@resource://gre/modules/TelemetrySession.jsm:1256:14
shutdown@resource://gre/modules/TelemetrySession.jsm:247:17
_cleanupOnShutdown@resource://gre/modules/TelemetryControllerParent.jsm:959:35
observe@resource://gre/modules/AsyncShutdown.jsm:560:16

WARNING: A blocker encountered an error while we were waiting.
          Blocker:  TelemetryController: shutting down
          Phase: profile-before-change-telemetry
          State: Error getting state: Error: Phase "profile-before-change" is finished, it is too late to register completion condition "OS.File: flush I/O queued before profileBeforeChange" at addBlocker@resource://gre/modules/AsyncShutdown.jsm:703:15
addBlocker@resource://gre/modules/AsyncShutdown.jsm:511:26
addBlocker@resource://gre/modules/AsyncShutdown.jsm:450:15
setupShutdown@resource://gre/modules/osfile/osfile_async_front.jsm:1563:28
@resource://gre/modules/osfile/osfile_async_front.jsm:1583:16
@resource://gre/modules/osfile.jsm:12:30
@resource://gre/modules/TelemetryStorage.jsm:19:28
getShutdownState@resource://gre/modules/TelemetrySend.jsm:1687:7
getShutdownState@resource://gre/modules/TelemetrySend.jsm:369:30
_getState@resource://gre/modules/TelemetryControllerParent.jsm:1058:38
setupTelemetry/<@resource://gre/modules/TelemetryControllerParent.jsm:917:18
safeGetState@resource://gre/modules/AsyncShutdown.jsm:242:17
Barrier/addBlocker/promise<@resource://gre/modules/AsyncShutdown.jsm:751:20
observe@resource://gre/modules/AsyncShutdown.jsm:560:16

WARNING: Error: Phase "profile-before-change" is finished, it is too late to register completion condition "OS.File: flush I/O queued before profileBeforeChange"
WARNING: addBlocker@resource://gre/modules/AsyncShutdown.jsm:703:15
addBlocker@resource://gre/modules/AsyncShutdown.jsm:511:26
addBlocker@resource://gre/modules/AsyncShutdown.jsm:450:15
setupShutdown@resource://gre/modules/osfile/osfile_async_front.jsm:1563:28
@resource://gre/modules/osfile/osfile_async_front.jsm:1583:16
@resource://gre/modules/osfile.jsm:12:30
@resource://gre/modules/TelemetryStorage.jsm:19:28
removeAbortedSessionPing@resource://gre/modules/TelemetryControllerParent.jsm:721:5
removeAbortedSessionPing@resource://gre/modules/TelemetryControllerParent.jsm:249:17
shutdownChromeProcess/cleanup/<@resource://gre/modules/TelemetrySession.jsm:1235:42
observe@resource://gre/modules/AsyncShutdown.jsm:560:16

JavaScript error: resource://gre/modules/AsyncShutdown.jsm, line 703: Error: Phase "profile-before-change" is finished, it is too late to register completion condition "OS.File: flush I/O queued before profileBeforeChange"
JavaScript error: resource://gre/modules/AsyncShutdown.jsm, line 703: Error: Phase "profile-before-change" is finished, it is too late to register completion condition "OS.File: flush I/O queued before profileBeforeChange"
JavaScript error: resource://gre/modules/AsyncShutdown.jsm, line 703: Error: Phase "profile-before-change" is finished, it is too late to register completion condition "OS.File: flush I/O queued before profileBeforeChange"
JavaScript error: resource://gre/modules/AsyncShutdown.jsm, line 703: Error: Phase "profile-before-change" is finished, it is too late to register completion condition "OS.File: flush I/O queued before profileBeforeChange"
JavaScript error: resource://gre/modules/AsyncShutdown.jsm, line 703: Error: Phase "profile-before-change" is finished, it is too late to register completion condition "OS.File: flush I/O queued before profileBeforeChange"
JavaScript error: resource://gre/modules/AsyncShutdown.jsm, line 703: Error: Phase "profile-before-change" is finished, it is too late to register completion condition "OS.File: flush I/O queued before profileBeforeChange"
1671287011692	geckodriver	INFO	Listening on 127.0.0.1:61647
1671287014702	mozrunner::runner	INFO	Running command: "C:\\Program Files\\Mozilla Firefox\\firefox.exe" "--marionette" "--remote-debugging-port" "61648" "--remote-allow-hosts" "localhost" "-no-remote" "-profile" "C:\\Users\\DA1E~1\\AppData\\Local\\Temp\\rust_mozprofilesOQiYJ"
1671287015368	Marionette	INFO	Marionette enabled
1671287015376	Marionette	INFO	Listening on port 61663
Read port: 61663
WebDriver BiDi listening on ws://127.0.0.1:61648
1671287015577	RemoteAgent	WARN	TLS certificate errors will be ignored for this session
console.warn: SearchSettings: "get: No settings file exists, new profile?" (new NotFoundError("Could not open the file at C:\\Users\\DA1E~1\\AppData\\Local\\Temp\\rust_mozprofilesOQiYJ\\search.json.mozlz4", (void 0)))
DevTools listening on ws://127.0.0.1:61648/devtools/browser/39b1b591-5cf8-4905-9826-cfb1ee13adcf
1671287023087	Marionette	INFO	Stopped listening on port 61663
console.warn: TopSitesFeed: Failed to fetch data from Contile server: NetworkError when attempting to fetch resource.
1671287039526	geckodriver	INFO	Listening on 127.0.0.1:61730
1671287042563	mozrunner::runner	INFO	Running command: "C:\\Program Files\\Mozilla Firefox\\firefox.exe" "--marionette" "--remote-debugging-port" "61731" "--remote-allow-hosts" "localhost" "-no-remote" "-profile" "C:\\Users\\DA1E~1\\AppData\\Local\\Temp\\rust_mozprofile1iUufS"
1671287043160	Marionette	INFO	Marionette enabled
1671287043169	Marionette	INFO	Listening on port 61745
Read port: 61745
WebDriver BiDi listening on ws://127.0.0.1:61731
1671287043330	RemoteAgent	WARN	TLS certificate errors will be ignored for this session
console.warn: SearchSettings: "get: No settings file exists, new profile?" (new NotFoundError("Could not open the file at C:\\Users\\DA1E~1\\AppData\\Local\\Temp\\rust_mozprofile1iUufS\\search.json.mozlz4", (void 0)))
DevTools listening on ws://127.0.0.1:61731/devtools/browser/4c2dad15-d98d-41c1-8920-562af6696b1c
1671288871439	geckodriver	INFO	Listening on 127.0.0.1:62022
1671288874476	mozrunner::runner	INFO	Running command: "C:\\Program Files\\Mozilla Firefox\\firefox.exe" "--marionette" "--remote-debugging-port" "62023" "--remote-allow-hosts" "localhost" "-no-remote" "-profile" "C:\\Users\\DA1E~1\\AppData\\Local\\Temp\\rust_mozprofileKxJMzX"
1671288878030	Marionette	INFO	Marionette enabled
1671288878062	Marionette	INFO	Listening on port 62036
Read port: 62036
WebDriver BiDi listening on ws://127.0.0.1:62023
1671288879305	RemoteAgent	WARN	TLS certificate errors will be ignored for this session
console.warn: SearchSettings: "get: No settings file exists, new profile?" (new NotFoundError("Could not open the file at C:\\Users\\DA1E~1\\AppData\\Local\\Temp\\rust_mozprofileKxJMzX\\search.json.mozlz4", (void 0)))
DevTools listening on ws://127.0.0.1:62023/devtools/browser/50a05984-51e1-458e-a064-9896f67b0bc4
1671289787423	Marionette	INFO	Stopped listening on port 62036
